<?xml version="1.0" encoding="UTF-8"?>
<!-- Generated by org.testng.reporters.JUnitReportReporter -->
<testsuite skipped="0" hostname="ip-172-31-8-189" name="test.Testcase1" tests="1" failures="0" timestamp="2021-02-24T04:16:40 UTC" time="5.687" errors="0">
  <testcase name="LoginTest" time="5.687" classname="test.Testcase1"/>
  <system-out/>
</testsuite> <!-- test.Testcase1 -->
